<?xml version="1.0" encoding="UTF-8"?>
<!-- Generated by org.testng.reporters.JUnitXMLReporter -->
<testsuite ignored="2" hostname="DESKTOP-G3" failures="0" tests="1" name="Surefire test" time="0.022" errors="0" timestamp="2023-04-05T00:56:43 EET">
  <testcase classname="tests.TestBase" name="@BeforeSuite startDriver" time="0.063">
    <failure type="java.lang.NoSuchMethodError" message="&amp;apos;java.lang.String org.openqa.selenium.manager.SeleniumManager.getDriverPath(java.lang.String)&amp;apos;">
      <![CDATA[java.lang.NoSuchMethodError: 'java.lang.String org.openqa.selenium.manager.SeleniumManager.getDriverPath(java.lang.String)'
at org.openqa.selenium.remote.service.DriverService.findExecutable(DriverService.java:141)
at org.openqa.selenium.firefox.GeckoDriverService.access$100(GeckoDriverService.java:47)
at org.openqa.selenium.firefox.GeckoDriverService$Builder.findDefaultExecutable(GeckoDriverService.java:164)
at org.openqa.selenium.remote.service.DriverService$Builder.build(DriverService.java:456)
at org.openqa.selenium.firefox.GeckoDriverService.createDefaultService(GeckoDriverService.java:100)
at org.openqa.selenium.firefox.FirefoxDriver.<init>(FirefoxDriver.java:111)
at org.openqa.selenium.firefox.FirefoxDriver.<init>(FirefoxDriver.java:101)
at tests.TestBase.startDriver(TestBase.java:26)
... Removed 24 stack frames]]>
    </failure>
  </testcase> <!-- @BeforeSuite startDriver -->
  <testcase classname="tests.UserRegistraionTest" name="userCanRegisterSuccessfully" time="0.0">
    <skipped/>
  </testcase> <!-- userCanRegisterSuccessfully -->
  <testcase classname="tests.TestBase" name="@BeforeSuite startDriver" time="0.0">
    <ignored/>
  </testcase> <!-- @BeforeSuite startDriver -->
  <testcase classname="tests.TestBase" name="@AfterSuite closeDriver" time="0.0">
    <ignored/>
  </testcase> <!-- @AfterSuite closeDriver -->
</testsuite> <!-- Surefire test -->
